<?xml version="1.0" encoding="UTF-8"?>
<!-- Generated by org.testng.reporters.JUnitReportReporter -->
<testsuite skipped="0" hostname="DESKTOP-LF2LQG7" name="com.training.tests.LoginTest" tests="1" failures="0" timestamp="29 Oct 2022 02:09:06 GMT" time="7.566" errors="0">
  <testcase name="LogintoSFDCTC2" time="7.566" classname="com.training.tests.LoginTest"/>
</testsuite> <!-- com.training.tests.LoginTest -->
