<?xml version="1.0" encoding="UTF-8"?>
<!-- Generated by org.testng.reporters.JUnitReportReporter -->
<testsuite skipped="0" hostname="DESKTOP-LF2LQG7" name="com.training.tests.LeadsTest" tests="1" failures="0" timestamp="04 Oct 2022 07:50:54 GMT" time="16.187" errors="0">
  <testcase name="TodaysLeadsTC23" time="16.187" classname="com.training.tests.LeadsTest"/>
</testsuite> <!-- com.training.tests.LeadsTest -->
