<?xml version="1.0" encoding="UTF-8"?>
<!-- Generated by org.testng.reporters.JUnitReportReporter -->
<testsuite skipped="0" hostname="DESKTOP-LF2LQG7" name="com.training.tests.OpportunitiesTest" tests="5" failures="0" timestamp="28 Jul 2022 17:50:24 GMT" time="84.875" errors="0">
  <testcase name="OpportunityPipelineTC17" time="19.742" classname="com.training.tests.OpportunitiesTest"/>
  <testcase name="OpportunitiesDropDownTC15" time="15.504" classname="com.training.tests.OpportunitiesTest"/>
  <testcase name="QuarterlySummaryReportTC19" time="14.220" classname="com.training.tests.OpportunitiesTest"/>
  <testcase name="CreateNewOptyTC16" time="19.084" classname="com.training.tests.OpportunitiesTest"/>
  <testcase name="StuckOpportunityTC18" time="16.325" classname="com.training.tests.OpportunitiesTest"/>
</testsuite> <!-- com.training.tests.OpportunitiesTest -->
