<?xml version="1.0" encoding="UTF-8"?>
<!-- Generated by org.testng.reporters.JUnitReportReporter -->
<testsuite skipped="0" hostname="DESKTOP-LF2LQG7" name="com.training.tests.ContactsTest" tests="1" failures="0" timestamp="16 Oct 2022 02:49:25 GMT" time="17.343" errors="0">
  <testcase name="ViewContactTC29" time="17.343" classname="com.training.tests.ContactsTest"/>
</testsuite> <!-- com.training.tests.ContactsTest -->
